[19:12:27.019] Global cache location '/home/lfagundes/.cache/typescript/4.6', safe file path '/home/lfagundes/.emacs.d/.cache/lsp/npm/typescript/lib/node_modules/typescript/lib/typingSafeList.json', types map path /home/lfagundes/.emacs.d/.cache/lsp/npm/typescript/lib/node_modules/typescript/lib/typesMap.json
[19:12:27.021] Processing cache location '/home/lfagundes/.cache/typescript/4.6'
[19:12:27.021] Trying to find '/home/lfagundes/.cache/typescript/4.6/package.json'...
[19:12:27.022] Loaded content of '/home/lfagundes/.cache/typescript/4.6/package.json': {"private":true,"dependencies":{"types-registry":"^0.1.670"}}
[19:12:27.022] Loaded content of '/home/lfagundes/.cache/typescript/4.6/package-lock.json'
[19:12:27.022] Finished processing cache location '/home/lfagundes/.cache/typescript/4.6'
[19:12:27.023] Process id: 51707
[19:12:27.023] NPM location: /usr/bin/npm (explicit '--npmLocation' not  provided)
[19:12:27.023] validateDefaultNpmLocation: false
[19:12:27.023] Npm config file: /home/lfagundes/.cache/typescript/4.6/package.json
[19:12:27.023] Updating types-registry npm package...
[19:12:27.023] Exec: /usr/bin/npm install --ignore-scripts types-registry@latest
[19:12:29.107]     Succeeded. stdout:
    + types-registry@0.1.670
    updated 1 package and audited 1 package in 0.878s
found 0 vulnerabilities


[19:12:29.107] Updated types-registry npm package
[19:38:58.533] Got install request {"projectName":"/dev/null/inferredProject2*","fileNames":[],"compilerOptions":{"module":1,"target":3,"jsx":1,"allowJs":true,"allowSyntheticDefaultImports":true,"allowNonTsExtensions":true,"noEmitForJsFiles":true},"typeAcquisition":{"enable":true,"include":[],"exclude":[]},"unresolvedImports":[],"projectRootPath":"/home/lfagundes/devel/solid-node/solid_node/viewers/web/app/src/viewer","kind":"discover"}
[19:38:58.586] Loaded safelist from types map file '/home/lfagundes/.emacs.d/.cache/lsp/npm/typescript/lib/node_modules/typescript/lib/typesMap.json'
[19:38:58.586] Explicitly included types: []
[19:38:58.587] Inferred typings from unresolved imports: []
[19:38:58.587] Result: {"cachedTypingPaths":[],"newTypingNames":[],"filesToWatch":["/home/lfagundes/devel/solid-node/solid_node/viewers/web/app/src/viewer/bower_components","/home/lfagundes/devel/solid-node/solid_node/viewers/web/app/src/viewer/node_modules"]}
[19:38:58.587] Finished typings discovery: {"cachedTypingPaths":[],"newTypingNames":[],"filesToWatch":["/home/lfagundes/devel/solid-node/solid_node/viewers/web/app/src/viewer/bower_components","/home/lfagundes/devel/solid-node/solid_node/viewers/web/app/src/viewer/node_modules"]}
[19:38:58.587] DirectoryWatcher:: Added:: WatchInfo: /home/lfagundes/devel/solid-node/solid_node/viewers/web/app/src/viewer/bower_components
[19:38:58.587] DirectoryWatcher:: Added:: WatchInfo: /home/lfagundes/devel/solid-node/solid_node/viewers/web/app/src/viewer/bower_components 1 undefined Project: /dev/null/inferredProject2* watcher already invoked: false
[19:38:58.590] Elapsed:: 2.021043000742793ms DirectoryWatcher:: Added:: WatchInfo: /home/lfagundes/devel/solid-node/solid_node/viewers/web/app/src/viewer/bower_components 1 undefined Project: /dev/null/inferredProject2* watcher already invoked: false
[19:38:58.590] DirectoryWatcher:: Added:: WatchInfo: /home/lfagundes/devel/solid-node/solid_node/viewers/web/app/src/viewer/node_modules
[19:38:58.590] DirectoryWatcher:: Added:: WatchInfo: /home/lfagundes/devel/solid-node/solid_node/viewers/web/app/src/viewer/node_modules 1 undefined Project: /dev/null/inferredProject2* watcher already invoked: false
[19:38:58.590] Elapsed:: 0.14635799918323755ms DirectoryWatcher:: Added:: WatchInfo: /home/lfagundes/devel/solid-node/solid_node/viewers/web/app/src/viewer/node_modules 1 undefined Project: /dev/null/inferredProject2* watcher already invoked: false
[19:38:58.590] Sending response:
    {"projectName":"/dev/null/inferredProject2*","typeAcquisition":{"enable":true,"include":[],"exclude":[]},"compilerOptions":{"module":1,"target":3,"jsx":1,"allowJs":true,"allowSyntheticDefaultImports":true,"allowNonTsExtensions":true,"noEmitForJsFiles":true},"typings":[],"unresolvedImports":[],"kind":"action::set"}
[19:38:58.590] Response has been sent.
[19:38:58.590] No new typings were requested as a result of typings discovery
[00:26:29.096] Got install request {"projectName":"/dev/null/inferredProject13*","fileNames":[],"compilerOptions":{"module":1,"target":3,"jsx":1,"allowJs":true,"allowSyntheticDefaultImports":true,"allowNonTsExtensions":true,"noEmitForJsFiles":true},"typeAcquisition":{"enable":true,"include":[],"exclude":[]},"unresolvedImports":[],"projectRootPath":"/home/lfagundes/devel/solid-node/solid_node/viewers/web/app/src/viewer","kind":"discover"}
[00:26:29.102] Explicitly included types: []
[00:26:29.102] Inferred typings from unresolved imports: []
[00:26:29.102] Result: {"cachedTypingPaths":[],"newTypingNames":[],"filesToWatch":["/home/lfagundes/devel/solid-node/solid_node/viewers/web/app/src/viewer/bower_components","/home/lfagundes/devel/solid-node/solid_node/viewers/web/app/src/viewer/node_modules"]}
[00:26:29.102] Finished typings discovery: {"cachedTypingPaths":[],"newTypingNames":[],"filesToWatch":["/home/lfagundes/devel/solid-node/solid_node/viewers/web/app/src/viewer/bower_components","/home/lfagundes/devel/solid-node/solid_node/viewers/web/app/src/viewer/node_modules"]}
[00:26:29.102] DirectoryWatcher:: Added:: WatchInfo: /home/lfagundes/devel/solid-node/solid_node/viewers/web/app/src/viewer/bower_components
[00:26:29.102] DirectoryWatcher:: Added:: WatchInfo: /home/lfagundes/devel/solid-node/solid_node/viewers/web/app/src/viewer/bower_components 1 undefined Project: /dev/null/inferredProject13* watcher already invoked: false
[00:26:29.102] Elapsed:: 0.009361997246742249ms DirectoryWatcher:: Added:: WatchInfo: /home/lfagundes/devel/solid-node/solid_node/viewers/web/app/src/viewer/bower_components 1 undefined Project: /dev/null/inferredProject13* watcher already invoked: false
[00:26:29.102] DirectoryWatcher:: Added:: WatchInfo: /home/lfagundes/devel/solid-node/solid_node/viewers/web/app/src/viewer/node_modules
[00:26:29.103] DirectoryWatcher:: Added:: WatchInfo: /home/lfagundes/devel/solid-node/solid_node/viewers/web/app/src/viewer/node_modules 1 undefined Project: /dev/null/inferredProject13* watcher already invoked: false
[00:26:29.103] Elapsed:: 0.008442997932434082ms DirectoryWatcher:: Added:: WatchInfo: /home/lfagundes/devel/solid-node/solid_node/viewers/web/app/src/viewer/node_modules 1 undefined Project: /dev/null/inferredProject13* watcher already invoked: false
[00:26:29.103] Sending response:
    {"projectName":"/dev/null/inferredProject13*","typeAcquisition":{"enable":true,"include":[],"exclude":[]},"compilerOptions":{"module":1,"target":3,"jsx":1,"allowJs":true,"allowSyntheticDefaultImports":true,"allowNonTsExtensions":true,"noEmitForJsFiles":true},"typings":[],"unresolvedImports":[],"kind":"action::set"}
[00:26:29.103] Response has been sent.
[00:26:29.103] No new typings were requested as a result of typings discovery
[00:26:29.133] Got install request {"projectName":"/dev/null/inferredProject14*","fileNames":[],"compilerOptions":{"module":1,"target":3,"jsx":1,"allowJs":true,"allowSyntheticDefaultImports":true,"allowNonTsExtensions":true,"noEmitForJsFiles":true},"typeAcquisition":{"enable":true,"include":[],"exclude":[]},"unresolvedImports":[],"projectRootPath":"/home/lfagundes/devel/solid-node/solid_node/viewers/web/app/src/viewer","kind":"discover"}
[00:26:29.133] Explicitly included types: []
[00:26:29.133] Inferred typings from unresolved imports: []
[00:26:29.134] Result: {"cachedTypingPaths":[],"newTypingNames":[],"filesToWatch":["/home/lfagundes/devel/solid-node/solid_node/viewers/web/app/src/viewer/bower_components","/home/lfagundes/devel/solid-node/solid_node/viewers/web/app/src/viewer/node_modules"]}
[00:26:29.134] Finished typings discovery: {"cachedTypingPaths":[],"newTypingNames":[],"filesToWatch":["/home/lfagundes/devel/solid-node/solid_node/viewers/web/app/src/viewer/bower_components","/home/lfagundes/devel/solid-node/solid_node/viewers/web/app/src/viewer/node_modules"]}
[00:26:29.134] DirectoryWatcher:: Added:: WatchInfo: /home/lfagundes/devel/solid-node/solid_node/viewers/web/app/src/viewer/bower_components
[00:26:29.134] DirectoryWatcher:: Added:: WatchInfo: /home/lfagundes/devel/solid-node/solid_node/viewers/web/app/src/viewer/bower_components 1 undefined Project: /dev/null/inferredProject14* watcher already invoked: false
[00:26:29.134] Elapsed:: 0.01129700243473053ms DirectoryWatcher:: Added:: WatchInfo: /home/lfagundes/devel/solid-node/solid_node/viewers/web/app/src/viewer/bower_components 1 undefined Project: /dev/null/inferredProject14* watcher already invoked: false
[00:26:29.134] DirectoryWatcher:: Added:: WatchInfo: /home/lfagundes/devel/solid-node/solid_node/viewers/web/app/src/viewer/node_modules
[00:26:29.134] DirectoryWatcher:: Added:: WatchInfo: /home/lfagundes/devel/solid-node/solid_node/viewers/web/app/src/viewer/node_modules 1 undefined Project: /dev/null/inferredProject14* watcher already invoked: false
[00:26:29.134] Elapsed:: 0.007201001048088074ms DirectoryWatcher:: Added:: WatchInfo: /home/lfagundes/devel/solid-node/solid_node/viewers/web/app/src/viewer/node_modules 1 undefined Project: /dev/null/inferredProject14* watcher already invoked: false
[00:26:29.134] Sending response:
    {"projectName":"/dev/null/inferredProject14*","typeAcquisition":{"enable":true,"include":[],"exclude":[]},"compilerOptions":{"module":1,"target":3,"jsx":1,"allowJs":true,"allowSyntheticDefaultImports":true,"allowNonTsExtensions":true,"noEmitForJsFiles":true},"typings":[],"unresolvedImports":[],"kind":"action::set"}
[00:26:29.134] Response has been sent.
[00:26:29.134] No new typings were requested as a result of typings discovery
