[06:45:09.509] Global cache location '/home/lfagundes/.cache/typescript/4.6', safe file path '/home/lfagundes/.emacs.d/.cache/lsp/npm/typescript/lib/node_modules/typescript/lib/typingSafeList.json', types map path /home/lfagundes/.emacs.d/.cache/lsp/npm/typescript/lib/node_modules/typescript/lib/typesMap.json
[06:45:09.510] Processing cache location '/home/lfagundes/.cache/typescript/4.6'
[06:45:09.510] Trying to find '/home/lfagundes/.cache/typescript/4.6/package.json'...
[06:45:09.512] Loaded content of '/home/lfagundes/.cache/typescript/4.6/package.json': {"private":true,"dependencies":{"types-registry":"^0.1.672"}}
[06:45:09.513] Loaded content of '/home/lfagundes/.cache/typescript/4.6/package-lock.json'
[06:45:09.513] Finished processing cache location '/home/lfagundes/.cache/typescript/4.6'
[06:45:09.513] Process id: 242791
[06:45:09.513] NPM location: /usr/bin/npm (explicit '--npmLocation' not  provided)
[06:45:09.513] validateDefaultNpmLocation: false
[06:45:09.513] Npm config file: /home/lfagundes/.cache/typescript/4.6/package.json
[06:45:09.513] Updating types-registry npm package...
[06:45:09.513] Exec: /usr/bin/npm install --ignore-scripts types-registry@latest
[06:45:11.411]     Succeeded. stdout:
    + types-registry@0.1.672
    updated 1 package and audited 1 package in 0.767s
found 0 vulnerabilities


[06:45:11.411] Updated types-registry npm package
[07:58:47.151] Got install request {"projectName":"/dev/null/inferredProject1*","fileNames":[],"compilerOptions":{"module":1,"target":3,"jsx":1,"allowJs":true,"allowSyntheticDefaultImports":true,"allowNonTsExtensions":true,"noEmitForJsFiles":true},"typeAcquisition":{"enable":true,"include":[],"exclude":[]},"unresolvedImports":[],"projectRootPath":"/home/lfagundes/devel/solid-node/solid_node/viewers/web/app/src","kind":"discover"}
[07:58:47.175] Loaded safelist from types map file '/home/lfagundes/.emacs.d/.cache/lsp/npm/typescript/lib/node_modules/typescript/lib/typesMap.json'
[07:58:47.175] Explicitly included types: []
[07:58:47.175] Inferred typings from unresolved imports: []
[07:58:47.175] Result: {"cachedTypingPaths":[],"newTypingNames":[],"filesToWatch":["/home/lfagundes/devel/solid-node/solid_node/viewers/web/app/src/bower_components","/home/lfagundes/devel/solid-node/solid_node/viewers/web/app/src/node_modules"]}
[07:58:47.175] Finished typings discovery: {"cachedTypingPaths":[],"newTypingNames":[],"filesToWatch":["/home/lfagundes/devel/solid-node/solid_node/viewers/web/app/src/bower_components","/home/lfagundes/devel/solid-node/solid_node/viewers/web/app/src/node_modules"]}
[07:58:47.176] DirectoryWatcher:: Added:: WatchInfo: /home/lfagundes/devel/solid-node/solid_node/viewers/web/app/src/bower_components
[07:58:47.176] DirectoryWatcher:: Added:: WatchInfo: /home/lfagundes/devel/solid-node/solid_node/viewers/web/app/src/bower_components 1 undefined Project: /dev/null/inferredProject1* watcher already invoked: false
[07:58:47.178] Elapsed:: 1.5420669913291931ms DirectoryWatcher:: Added:: WatchInfo: /home/lfagundes/devel/solid-node/solid_node/viewers/web/app/src/bower_components 1 undefined Project: /dev/null/inferredProject1* watcher already invoked: false
[07:58:47.178] DirectoryWatcher:: Added:: WatchInfo: /home/lfagundes/devel/solid-node/solid_node/viewers/web/app/src/node_modules
[07:58:47.178] DirectoryWatcher:: Added:: WatchInfo: /home/lfagundes/devel/solid-node/solid_node/viewers/web/app/src/node_modules 1 undefined Project: /dev/null/inferredProject1* watcher already invoked: false
[07:58:47.178] Elapsed:: 0.1294260025024414ms DirectoryWatcher:: Added:: WatchInfo: /home/lfagundes/devel/solid-node/solid_node/viewers/web/app/src/node_modules 1 undefined Project: /dev/null/inferredProject1* watcher already invoked: false
[07:58:47.178] Sending response:
    {"projectName":"/dev/null/inferredProject1*","typeAcquisition":{"enable":true,"include":[],"exclude":[]},"compilerOptions":{"module":1,"target":3,"jsx":1,"allowJs":true,"allowSyntheticDefaultImports":true,"allowNonTsExtensions":true,"noEmitForJsFiles":true},"typings":[],"unresolvedImports":[],"kind":"action::set"}
[07:58:47.178] Response has been sent.
[07:58:47.178] No new typings were requested as a result of typings discovery
[15:39:16.030] Got install request {"projectName":"/dev/null/inferredProject4*","fileNames":[],"compilerOptions":{"module":1,"target":3,"jsx":1,"allowJs":true,"allowSyntheticDefaultImports":true,"allowNonTsExtensions":true,"noEmitForJsFiles":true},"typeAcquisition":{"enable":true,"include":[],"exclude":[]},"unresolvedImports":[],"projectRootPath":"/home/lfagundes/devel/solid-node/solid_node/viewers/web/app/src","kind":"discover"}
[15:39:16.031] Explicitly included types: []
[15:39:16.032] Inferred typings from unresolved imports: []
[15:39:16.032] Result: {"cachedTypingPaths":[],"newTypingNames":[],"filesToWatch":["/home/lfagundes/devel/solid-node/solid_node/viewers/web/app/src/bower_components","/home/lfagundes/devel/solid-node/solid_node/viewers/web/app/src/node_modules"]}
[15:39:16.032] Finished typings discovery: {"cachedTypingPaths":[],"newTypingNames":[],"filesToWatch":["/home/lfagundes/devel/solid-node/solid_node/viewers/web/app/src/bower_components","/home/lfagundes/devel/solid-node/solid_node/viewers/web/app/src/node_modules"]}
[15:39:16.032] DirectoryWatcher:: Added:: WatchInfo: /home/lfagundes/devel/solid-node/solid_node/viewers/web/app/src/bower_components
[15:39:16.032] DirectoryWatcher:: Added:: WatchInfo: /home/lfagundes/devel/solid-node/solid_node/viewers/web/app/src/bower_components 1 undefined Project: /dev/null/inferredProject4* watcher already invoked: false
[15:39:16.032] Elapsed:: 0.025866001844406128ms DirectoryWatcher:: Added:: WatchInfo: /home/lfagundes/devel/solid-node/solid_node/viewers/web/app/src/bower_components 1 undefined Project: /dev/null/inferredProject4* watcher already invoked: false
[15:39:16.032] DirectoryWatcher:: Added:: WatchInfo: /home/lfagundes/devel/solid-node/solid_node/viewers/web/app/src/node_modules
[15:39:16.033] DirectoryWatcher:: Added:: WatchInfo: /home/lfagundes/devel/solid-node/solid_node/viewers/web/app/src/node_modules 1 undefined Project: /dev/null/inferredProject4* watcher already invoked: false
[15:39:16.033] Elapsed:: 0.03394201397895813ms DirectoryWatcher:: Added:: WatchInfo: /home/lfagundes/devel/solid-node/solid_node/viewers/web/app/src/node_modules 1 undefined Project: /dev/null/inferredProject4* watcher already invoked: false
[15:39:16.033] Sending response:
    {"projectName":"/dev/null/inferredProject4*","typeAcquisition":{"enable":true,"include":[],"exclude":[]},"compilerOptions":{"module":1,"target":3,"jsx":1,"allowJs":true,"allowSyntheticDefaultImports":true,"allowNonTsExtensions":true,"noEmitForJsFiles":true},"typings":[],"unresolvedImports":[],"kind":"action::set"}
[15:39:16.033] Response has been sent.
[15:39:16.033] No new typings were requested as a result of typings discovery
