[08:59:23.615] Global cache location '/home/lfagundes/.cache/typescript/4.6', safe file path '/home/lfagundes/.emacs.d/.cache/lsp/npm/typescript/lib/node_modules/typescript/lib/typingSafeList.json', types map path /home/lfagundes/.emacs.d/.cache/lsp/npm/typescript/lib/node_modules/typescript/lib/typesMap.json
[08:59:23.616] Processing cache location '/home/lfagundes/.cache/typescript/4.6'
[08:59:23.616] Trying to find '/home/lfagundes/.cache/typescript/4.6/package.json'...
[08:59:23.619] Loaded content of '/home/lfagundes/.cache/typescript/4.6/package.json': {"private":true,"dependencies":{"types-registry":"^0.1.671"}}
[08:59:23.619] Loaded content of '/home/lfagundes/.cache/typescript/4.6/package-lock.json'
[08:59:23.619] Finished processing cache location '/home/lfagundes/.cache/typescript/4.6'
[08:59:23.620] Process id: 518432
[08:59:23.620] NPM location: /usr/bin/npm (explicit '--npmLocation' not  provided)
[08:59:23.620] validateDefaultNpmLocation: false
[08:59:23.620] Npm config file: /home/lfagundes/.cache/typescript/4.6/package.json
[08:59:23.620] Updating types-registry npm package...
[08:59:23.620] Exec: /usr/bin/npm install --ignore-scripts types-registry@latest
[08:59:25.133]     Succeeded. stdout:
    + types-registry@0.1.671
    updated 1 package and audited 1 package in 0.707s
found 0 vulnerabilities


[08:59:25.133] Updated types-registry npm package
[14:29:37.248] Got install request {"projectName":"/dev/null/inferredProject3*","fileNames":["/home/lfagundes/.emacs.d/.cache/lsp/npm/typescript/lib/node_modules/typescript/lib/lib.es5.d.ts","/home/lfagundes/.emacs.d/.cache/lsp/npm/typescript/lib/node_modules/typescript/lib/lib.es2015.d.ts","/home/lfagundes/.emacs.d/.cache/lsp/npm/typescript/lib/node_modules/typescript/lib/lib.es2016.d.ts","/home/lfagundes/.emacs.d/.cache/lsp/npm/typescript/lib/node_modules/typescript/lib/lib.dom.d.ts","/home/lfagundes/.emacs.d/.cache/lsp/npm/typescript/lib/node_modules/typescript/lib/lib.dom.iterable.d.ts","/home/lfagundes/.emacs.d/.cache/lsp/npm/typescript/lib/node_modules/typescript/lib/lib.webworker.importscripts.d.ts","/home/lfagundes/.emacs.d/.cache/lsp/npm/typescript/lib/node_modules/typescript/lib/lib.scripthost.d.ts","/home/lfagundes/.emacs.d/.cache/lsp/npm/typescript/lib/node_modules/typescript/lib/lib.es2015.core.d.ts","/home/lfagundes/.emacs.d/.cache/lsp/npm/typescript/lib/node_modules/typescript/lib/lib.es2015.collection.d.ts","/home/lfagundes/.emacs.d/.cache/lsp/npm/typescript/lib/node_modules/typescript/lib/lib.es2015.generator.d.ts","/home/lfagundes/.emacs.d/.cache/lsp/npm/typescript/lib/node_modules/typescript/lib/lib.es2015.iterable.d.ts","/home/lfagundes/.emacs.d/.cache/lsp/npm/typescript/lib/node_modules/typescript/lib/lib.es2015.promise.d.ts","/home/lfagundes/.emacs.d/.cache/lsp/npm/typescript/lib/node_modules/typescript/lib/lib.es2015.proxy.d.ts","/home/lfagundes/.emacs.d/.cache/lsp/npm/typescript/lib/node_modules/typescript/lib/lib.es2015.reflect.d.ts","/home/lfagundes/.emacs.d/.cache/lsp/npm/typescript/lib/node_modules/typescript/lib/lib.es2015.symbol.d.ts","/home/lfagundes/.emacs.d/.cache/lsp/npm/typescript/lib/node_modules/typescript/lib/lib.es2015.symbol.wellknown.d.ts","/home/lfagundes/.emacs.d/.cache/lsp/npm/typescript/lib/node_modules/typescript/lib/lib.es2016.array.include.d.ts","/home/lfagundes/.emacs.d/.cache/lsp/npm/typescript/lib/node_modules/typescript/lib/lib.es2016.full.d.ts","/home/lfagundes/devel/solid-node/solid_node/viewers/web/app/src/loader.d.ts"],"compilerOptions":{"module":1,"target":3,"jsx":1,"allowJs":true,"allowSyntheticDefaultImports":true,"allowNonTsExtensions":true,"noEmitForJsFiles":true},"typeAcquisition":{"enable":true,"include":[],"exclude":[]},"unresolvedImports":[],"projectRootPath":"/home/lfagundes/devel/solid-node/solid_node/viewers/web/app/src","kind":"discover"}
[14:29:37.267] Loaded safelist from types map file '/home/lfagundes/.emacs.d/.cache/lsp/npm/typescript/lib/node_modules/typescript/lib/typesMap.json'
[14:29:37.268] Explicitly included types: []
[14:29:37.268] Inferred typings from unresolved imports: []
[14:29:37.268] Result: {"cachedTypingPaths":[],"newTypingNames":[],"filesToWatch":["/home/lfagundes/devel/solid-node/solid_node/viewers/web/app/src/bower_components","/home/lfagundes/devel/solid-node/solid_node/viewers/web/app/src/node_modules"]}
[14:29:37.268] Finished typings discovery: {"cachedTypingPaths":[],"newTypingNames":[],"filesToWatch":["/home/lfagundes/devel/solid-node/solid_node/viewers/web/app/src/bower_components","/home/lfagundes/devel/solid-node/solid_node/viewers/web/app/src/node_modules"]}
[14:29:37.268] DirectoryWatcher:: Added:: WatchInfo: /home/lfagundes/devel/solid-node/solid_node/viewers/web/app/src/bower_components
[14:29:37.269] DirectoryWatcher:: Added:: WatchInfo: /home/lfagundes/devel/solid-node/solid_node/viewers/web/app/src/bower_components 1 undefined Project: /dev/null/inferredProject3* watcher already invoked: false
[14:29:37.274] Elapsed:: 4.85351100564003ms DirectoryWatcher:: Added:: WatchInfo: /home/lfagundes/devel/solid-node/solid_node/viewers/web/app/src/bower_components 1 undefined Project: /dev/null/inferredProject3* watcher already invoked: false
[14:29:37.274] DirectoryWatcher:: Added:: WatchInfo: /home/lfagundes/devel/solid-node/solid_node/viewers/web/app/src/node_modules
[14:29:37.274] DirectoryWatcher:: Added:: WatchInfo: /home/lfagundes/devel/solid-node/solid_node/viewers/web/app/src/node_modules 1 undefined Project: /dev/null/inferredProject3* watcher already invoked: false
[14:29:37.274] Elapsed:: 0.1316329836845398ms DirectoryWatcher:: Added:: WatchInfo: /home/lfagundes/devel/solid-node/solid_node/viewers/web/app/src/node_modules 1 undefined Project: /dev/null/inferredProject3* watcher already invoked: false
[14:29:37.274] Sending response:
    {"projectName":"/dev/null/inferredProject3*","typeAcquisition":{"enable":true,"include":[],"exclude":[]},"compilerOptions":{"module":1,"target":3,"jsx":1,"allowJs":true,"allowSyntheticDefaultImports":true,"allowNonTsExtensions":true,"noEmitForJsFiles":true},"typings":[],"unresolvedImports":[],"kind":"action::set"}
[14:29:37.274] Response has been sent.
[14:29:37.274] No new typings were requested as a result of typings discovery
[15:05:32.526] Got install request {"projectName":"/dev/null/inferredProject3*","fileNames":[],"compilerOptions":{"module":1,"target":3,"jsx":1,"allowJs":true,"allowSyntheticDefaultImports":true,"allowNonTsExtensions":true,"noEmitForJsFiles":true},"typeAcquisition":{"enable":true,"include":[],"exclude":[]},"unresolvedImports":[],"projectRootPath":"/home/lfagundes/devel/solid-node/solid_node/viewers/web/app/src","kind":"discover"}
[15:05:32.527] Explicitly included types: []
[15:05:32.527] Inferred typings from unresolved imports: []
[15:05:32.527] Result: {"cachedTypingPaths":[],"newTypingNames":[],"filesToWatch":["/home/lfagundes/devel/solid-node/solid_node/viewers/web/app/src/bower_components","/home/lfagundes/devel/solid-node/solid_node/viewers/web/app/src/node_modules"]}
[15:05:32.527] Finished typings discovery: {"cachedTypingPaths":[],"newTypingNames":[],"filesToWatch":["/home/lfagundes/devel/solid-node/solid_node/viewers/web/app/src/bower_components","/home/lfagundes/devel/solid-node/solid_node/viewers/web/app/src/node_modules"]}
[15:05:32.528] Sending response:
    {"projectName":"/dev/null/inferredProject3*","typeAcquisition":{"enable":true,"include":[],"exclude":[]},"compilerOptions":{"module":1,"target":3,"jsx":1,"allowJs":true,"allowSyntheticDefaultImports":true,"allowNonTsExtensions":true,"noEmitForJsFiles":true},"typings":[],"unresolvedImports":[],"kind":"action::set"}
[15:05:32.528] Response has been sent.
[15:05:32.528] No new typings were requested as a result of typings discovery
[16:56:43.001] Got install request {"projectName":"/dev/null/inferredProject3*","fileNames":["/home/lfagundes/.emacs.d/.cache/lsp/npm/typescript/lib/node_modules/typescript/lib/lib.es5.d.ts","/home/lfagundes/.emacs.d/.cache/lsp/npm/typescript/lib/node_modules/typescript/lib/lib.es2015.d.ts","/home/lfagundes/.emacs.d/.cache/lsp/npm/typescript/lib/node_modules/typescript/lib/lib.es2016.d.ts","/home/lfagundes/.emacs.d/.cache/lsp/npm/typescript/lib/node_modules/typescript/lib/lib.dom.d.ts","/home/lfagundes/.emacs.d/.cache/lsp/npm/typescript/lib/node_modules/typescript/lib/lib.dom.iterable.d.ts","/home/lfagundes/.emacs.d/.cache/lsp/npm/typescript/lib/node_modules/typescript/lib/lib.webworker.importscripts.d.ts","/home/lfagundes/.emacs.d/.cache/lsp/npm/typescript/lib/node_modules/typescript/lib/lib.scripthost.d.ts","/home/lfagundes/.emacs.d/.cache/lsp/npm/typescript/lib/node_modules/typescript/lib/lib.es2015.core.d.ts","/home/lfagundes/.emacs.d/.cache/lsp/npm/typescript/lib/node_modules/typescript/lib/lib.es2015.collection.d.ts","/home/lfagundes/.emacs.d/.cache/lsp/npm/typescript/lib/node_modules/typescript/lib/lib.es2015.generator.d.ts","/home/lfagundes/.emacs.d/.cache/lsp/npm/typescript/lib/node_modules/typescript/lib/lib.es2015.iterable.d.ts","/home/lfagundes/.emacs.d/.cache/lsp/npm/typescript/lib/node_modules/typescript/lib/lib.es2015.promise.d.ts","/home/lfagundes/.emacs.d/.cache/lsp/npm/typescript/lib/node_modules/typescript/lib/lib.es2015.proxy.d.ts","/home/lfagundes/.emacs.d/.cache/lsp/npm/typescript/lib/node_modules/typescript/lib/lib.es2015.reflect.d.ts","/home/lfagundes/.emacs.d/.cache/lsp/npm/typescript/lib/node_modules/typescript/lib/lib.es2015.symbol.d.ts","/home/lfagundes/.emacs.d/.cache/lsp/npm/typescript/lib/node_modules/typescript/lib/lib.es2015.symbol.wellknown.d.ts","/home/lfagundes/.emacs.d/.cache/lsp/npm/typescript/lib/node_modules/typescript/lib/lib.es2016.array.include.d.ts","/home/lfagundes/.emacs.d/.cache/lsp/npm/typescript/lib/node_modules/typescript/lib/lib.es2016.full.d.ts","/home/lfagundes/devel/solid-node/solid_node/viewers/web/app/src/loader.d.ts"],"compilerOptions":{"module":1,"target":3,"jsx":1,"allowJs":true,"allowSyntheticDefaultImports":true,"allowNonTsExtensions":true,"noEmitForJsFiles":true},"typeAcquisition":{"enable":true,"include":[],"exclude":[]},"unresolvedImports":[],"projectRootPath":"/home/lfagundes/devel/solid-node/solid_node/viewers/web/app/src","kind":"discover"}
[16:56:43.003] Explicitly included types: []
[16:56:43.003] Inferred typings from unresolved imports: []
[16:56:43.003] Result: {"cachedTypingPaths":[],"newTypingNames":[],"filesToWatch":["/home/lfagundes/devel/solid-node/solid_node/viewers/web/app/src/bower_components","/home/lfagundes/devel/solid-node/solid_node/viewers/web/app/src/node_modules"]}
[16:56:43.003] Finished typings discovery: {"cachedTypingPaths":[],"newTypingNames":[],"filesToWatch":["/home/lfagundes/devel/solid-node/solid_node/viewers/web/app/src/bower_components","/home/lfagundes/devel/solid-node/solid_node/viewers/web/app/src/node_modules"]}
[16:56:43.003] Sending response:
    {"projectName":"/dev/null/inferredProject3*","typeAcquisition":{"enable":true,"include":[],"exclude":[]},"compilerOptions":{"module":1,"target":3,"jsx":1,"allowJs":true,"allowSyntheticDefaultImports":true,"allowNonTsExtensions":true,"noEmitForJsFiles":true},"typings":[],"unresolvedImports":[],"kind":"action::set"}
[16:56:43.003] Response has been sent.
[16:56:43.003] No new typings were requested as a result of typings discovery
[17:03:10.932] Got install request {"projectName":"/dev/null/inferredProject3*","fileNames":[],"compilerOptions":{"module":1,"target":3,"jsx":1,"allowJs":true,"allowSyntheticDefaultImports":true,"allowNonTsExtensions":true,"noEmitForJsFiles":true},"typeAcquisition":{"enable":true,"include":[],"exclude":[]},"unresolvedImports":[],"projectRootPath":"/home/lfagundes/devel/solid-node/solid_node/viewers/web/app/src","kind":"discover"}
[17:03:10.933] Explicitly included types: []
[17:03:10.933] Inferred typings from unresolved imports: []
[17:03:10.933] Result: {"cachedTypingPaths":[],"newTypingNames":[],"filesToWatch":["/home/lfagundes/devel/solid-node/solid_node/viewers/web/app/src/bower_components","/home/lfagundes/devel/solid-node/solid_node/viewers/web/app/src/node_modules"]}
[17:03:10.933] Finished typings discovery: {"cachedTypingPaths":[],"newTypingNames":[],"filesToWatch":["/home/lfagundes/devel/solid-node/solid_node/viewers/web/app/src/bower_components","/home/lfagundes/devel/solid-node/solid_node/viewers/web/app/src/node_modules"]}
[17:03:10.934] Sending response:
    {"projectName":"/dev/null/inferredProject3*","typeAcquisition":{"enable":true,"include":[],"exclude":[]},"compilerOptions":{"module":1,"target":3,"jsx":1,"allowJs":true,"allowSyntheticDefaultImports":true,"allowNonTsExtensions":true,"noEmitForJsFiles":true},"typings":[],"unresolvedImports":[],"kind":"action::set"}
[17:03:10.934] Response has been sent.
[17:03:10.934] No new typings were requested as a result of typings discovery
[17:41:28.208] Got install request {"projectName":"/dev/null/inferredProject3*","fileNames":["/home/lfagundes/.emacs.d/.cache/lsp/npm/typescript/lib/node_modules/typescript/lib/lib.es5.d.ts","/home/lfagundes/.emacs.d/.cache/lsp/npm/typescript/lib/node_modules/typescript/lib/lib.es2015.d.ts","/home/lfagundes/.emacs.d/.cache/lsp/npm/typescript/lib/node_modules/typescript/lib/lib.es2016.d.ts","/home/lfagundes/.emacs.d/.cache/lsp/npm/typescript/lib/node_modules/typescript/lib/lib.dom.d.ts","/home/lfagundes/.emacs.d/.cache/lsp/npm/typescript/lib/node_modules/typescript/lib/lib.dom.iterable.d.ts","/home/lfagundes/.emacs.d/.cache/lsp/npm/typescript/lib/node_modules/typescript/lib/lib.webworker.importscripts.d.ts","/home/lfagundes/.emacs.d/.cache/lsp/npm/typescript/lib/node_modules/typescript/lib/lib.scripthost.d.ts","/home/lfagundes/.emacs.d/.cache/lsp/npm/typescript/lib/node_modules/typescript/lib/lib.es2015.core.d.ts","/home/lfagundes/.emacs.d/.cache/lsp/npm/typescript/lib/node_modules/typescript/lib/lib.es2015.collection.d.ts","/home/lfagundes/.emacs.d/.cache/lsp/npm/typescript/lib/node_modules/typescript/lib/lib.es2015.generator.d.ts","/home/lfagundes/.emacs.d/.cache/lsp/npm/typescript/lib/node_modules/typescript/lib/lib.es2015.iterable.d.ts","/home/lfagundes/.emacs.d/.cache/lsp/npm/typescript/lib/node_modules/typescript/lib/lib.es2015.promise.d.ts","/home/lfagundes/.emacs.d/.cache/lsp/npm/typescript/lib/node_modules/typescript/lib/lib.es2015.proxy.d.ts","/home/lfagundes/.emacs.d/.cache/lsp/npm/typescript/lib/node_modules/typescript/lib/lib.es2015.reflect.d.ts","/home/lfagundes/.emacs.d/.cache/lsp/npm/typescript/lib/node_modules/typescript/lib/lib.es2015.symbol.d.ts","/home/lfagundes/.emacs.d/.cache/lsp/npm/typescript/lib/node_modules/typescript/lib/lib.es2015.symbol.wellknown.d.ts","/home/lfagundes/.emacs.d/.cache/lsp/npm/typescript/lib/node_modules/typescript/lib/lib.es2016.array.include.d.ts","/home/lfagundes/.emacs.d/.cache/lsp/npm/typescript/lib/node_modules/typescript/lib/lib.es2016.full.d.ts","/home/lfagundes/devel/solid-node/solid_node/viewers/web/app/src/loader.d.ts"],"compilerOptions":{"module":1,"target":3,"jsx":1,"allowJs":true,"allowSyntheticDefaultImports":true,"allowNonTsExtensions":true,"noEmitForJsFiles":true},"typeAcquisition":{"enable":true,"include":[],"exclude":[]},"unresolvedImports":[],"projectRootPath":"/home/lfagundes/devel/solid-node/solid_node/viewers/web/app/src","kind":"discover"}
[17:41:28.208] Explicitly included types: []
[17:41:28.208] Inferred typings from unresolved imports: []
[17:41:28.209] Result: {"cachedTypingPaths":[],"newTypingNames":[],"filesToWatch":["/home/lfagundes/devel/solid-node/solid_node/viewers/web/app/src/bower_components","/home/lfagundes/devel/solid-node/solid_node/viewers/web/app/src/node_modules"]}
[17:41:28.209] Finished typings discovery: {"cachedTypingPaths":[],"newTypingNames":[],"filesToWatch":["/home/lfagundes/devel/solid-node/solid_node/viewers/web/app/src/bower_components","/home/lfagundes/devel/solid-node/solid_node/viewers/web/app/src/node_modules"]}
[17:41:28.209] Sending response:
    {"projectName":"/dev/null/inferredProject3*","typeAcquisition":{"enable":true,"include":[],"exclude":[]},"compilerOptions":{"module":1,"target":3,"jsx":1,"allowJs":true,"allowSyntheticDefaultImports":true,"allowNonTsExtensions":true,"noEmitForJsFiles":true},"typings":[],"unresolvedImports":[],"kind":"action::set"}
[17:41:28.209] Response has been sent.
[17:41:28.209] No new typings were requested as a result of typings discovery
[05:39:57.892] Got install request {"projectName":"/dev/null/inferredProject3*","fileNames":[],"compilerOptions":{"module":1,"target":3,"jsx":1,"allowJs":true,"allowSyntheticDefaultImports":true,"allowNonTsExtensions":true,"noEmitForJsFiles":true},"typeAcquisition":{"enable":true,"include":[],"exclude":[]},"unresolvedImports":[],"projectRootPath":"/home/lfagundes/devel/solid-node/solid_node/viewers/web/app/src","kind":"discover"}
[05:39:57.898] Explicitly included types: []
[05:39:57.899] Inferred typings from unresolved imports: []
[05:39:57.899] Result: {"cachedTypingPaths":[],"newTypingNames":[],"filesToWatch":["/home/lfagundes/devel/solid-node/solid_node/viewers/web/app/src/bower_components","/home/lfagundes/devel/solid-node/solid_node/viewers/web/app/src/node_modules"]}
[05:39:57.899] Finished typings discovery: {"cachedTypingPaths":[],"newTypingNames":[],"filesToWatch":["/home/lfagundes/devel/solid-node/solid_node/viewers/web/app/src/bower_components","/home/lfagundes/devel/solid-node/solid_node/viewers/web/app/src/node_modules"]}
[05:39:57.899] Sending response:
    {"projectName":"/dev/null/inferredProject3*","typeAcquisition":{"enable":true,"include":[],"exclude":[]},"compilerOptions":{"module":1,"target":3,"jsx":1,"allowJs":true,"allowSyntheticDefaultImports":true,"allowNonTsExtensions":true,"noEmitForJsFiles":true},"typings":[],"unresolvedImports":[],"kind":"action::set"}
[05:39:57.900] Response has been sent.
[05:39:57.900] No new typings were requested as a result of typings discovery
