[06:43:43.968] Global cache location '/home/lfagundes/.cache/typescript/4.6', safe file path '/home/lfagundes/.emacs.d/.cache/lsp/npm/typescript/lib/node_modules/typescript/lib/typingSafeList.json', types map path /home/lfagundes/.emacs.d/.cache/lsp/npm/typescript/lib/node_modules/typescript/lib/typesMap.json
[06:43:43.970] Processing cache location '/home/lfagundes/.cache/typescript/4.6'
[06:43:43.970] Trying to find '/home/lfagundes/.cache/typescript/4.6/package.json'...
[06:43:43.973] Loaded content of '/home/lfagundes/.cache/typescript/4.6/package.json': {"private":true,"dependencies":{"types-registry":"^0.1.671"}}
[06:43:43.973] Loaded content of '/home/lfagundes/.cache/typescript/4.6/package-lock.json'
[06:43:43.973] Finished processing cache location '/home/lfagundes/.cache/typescript/4.6'
[06:43:43.973] Process id: 267148
[06:43:43.973] NPM location: /usr/bin/npm (explicit '--npmLocation' not  provided)
[06:43:43.973] validateDefaultNpmLocation: false
[06:43:43.973] Npm config file: /home/lfagundes/.cache/typescript/4.6/package.json
[06:43:43.974] Updating types-registry npm package...
[06:43:43.974] Exec: /usr/bin/npm install --ignore-scripts types-registry@latest
[06:43:46.120]     Succeeded. stdout:
    + types-registry@0.1.672
    updated 1 package and audited 1 package in 0.961s
found 0 vulnerabilities


[06:43:46.120] Updated types-registry npm package
[07:02:27.872] Got install request {"projectName":"/dev/null/inferredProject1*","fileNames":[],"compilerOptions":{"module":1,"target":3,"jsx":1,"allowJs":true,"allowSyntheticDefaultImports":true,"allowNonTsExtensions":true,"noEmitForJsFiles":true},"typeAcquisition":{"enable":true,"include":[],"exclude":[]},"unresolvedImports":[],"projectRootPath":"/home/lfagundes/devel/solid-node/solid_node/viewers/web/app/src","kind":"discover"}
[07:02:27.899] Loaded safelist from types map file '/home/lfagundes/.emacs.d/.cache/lsp/npm/typescript/lib/node_modules/typescript/lib/typesMap.json'
[07:02:27.899] Explicitly included types: []
[07:02:27.899] Inferred typings from unresolved imports: []
[07:02:27.899] Result: {"cachedTypingPaths":[],"newTypingNames":[],"filesToWatch":["/home/lfagundes/devel/solid-node/solid_node/viewers/web/app/src/bower_components","/home/lfagundes/devel/solid-node/solid_node/viewers/web/app/src/node_modules"]}
[07:02:27.899] Finished typings discovery: {"cachedTypingPaths":[],"newTypingNames":[],"filesToWatch":["/home/lfagundes/devel/solid-node/solid_node/viewers/web/app/src/bower_components","/home/lfagundes/devel/solid-node/solid_node/viewers/web/app/src/node_modules"]}
[07:02:27.900] DirectoryWatcher:: Added:: WatchInfo: /home/lfagundes/devel/solid-node/solid_node/viewers/web/app/src/bower_components
[07:02:27.901] DirectoryWatcher:: Added:: WatchInfo: /home/lfagundes/devel/solid-node/solid_node/viewers/web/app/src/bower_components 1 undefined Project: /dev/null/inferredProject1* watcher already invoked: false
[07:02:27.903] Elapsed:: 2.3087509870529175ms DirectoryWatcher:: Added:: WatchInfo: /home/lfagundes/devel/solid-node/solid_node/viewers/web/app/src/bower_components 1 undefined Project: /dev/null/inferredProject1* watcher already invoked: false
[07:02:27.903] DirectoryWatcher:: Added:: WatchInfo: /home/lfagundes/devel/solid-node/solid_node/viewers/web/app/src/node_modules
[07:02:27.903] DirectoryWatcher:: Added:: WatchInfo: /home/lfagundes/devel/solid-node/solid_node/viewers/web/app/src/node_modules 1 undefined Project: /dev/null/inferredProject1* watcher already invoked: false
[07:02:27.903] Elapsed:: 0.19834300875663757ms DirectoryWatcher:: Added:: WatchInfo: /home/lfagundes/devel/solid-node/solid_node/viewers/web/app/src/node_modules 1 undefined Project: /dev/null/inferredProject1* watcher already invoked: false
[07:02:27.903] Sending response:
    {"projectName":"/dev/null/inferredProject1*","typeAcquisition":{"enable":true,"include":[],"exclude":[]},"compilerOptions":{"module":1,"target":3,"jsx":1,"allowJs":true,"allowSyntheticDefaultImports":true,"allowNonTsExtensions":true,"noEmitForJsFiles":true},"typings":[],"unresolvedImports":[],"kind":"action::set"}
[07:02:27.904] Response has been sent.
[07:02:27.904] No new typings were requested as a result of typings discovery
[18:50:21.143] Got install request {"projectName":"/dev/null/inferredProject4*","fileNames":[],"compilerOptions":{"module":1,"target":3,"jsx":1,"allowJs":true,"allowSyntheticDefaultImports":true,"allowNonTsExtensions":true,"noEmitForJsFiles":true},"typeAcquisition":{"enable":true,"include":[],"exclude":[]},"unresolvedImports":[],"projectRootPath":"/home/lfagundes/devel/solid-node/solid_node/viewers/web/app/src","kind":"discover"}
[18:50:21.146] Explicitly included types: []
[18:50:21.146] Inferred typings from unresolved imports: []
[18:50:21.147] Result: {"cachedTypingPaths":[],"newTypingNames":[],"filesToWatch":["/home/lfagundes/devel/solid-node/solid_node/viewers/web/app/src/bower_components","/home/lfagundes/devel/solid-node/solid_node/viewers/web/app/src/node_modules"]}
[18:50:21.147] Finished typings discovery: {"cachedTypingPaths":[],"newTypingNames":[],"filesToWatch":["/home/lfagundes/devel/solid-node/solid_node/viewers/web/app/src/bower_components","/home/lfagundes/devel/solid-node/solid_node/viewers/web/app/src/node_modules"]}
[18:50:21.147] DirectoryWatcher:: Added:: WatchInfo: /home/lfagundes/devel/solid-node/solid_node/viewers/web/app/src/bower_components
[18:50:21.147] DirectoryWatcher:: Added:: WatchInfo: /home/lfagundes/devel/solid-node/solid_node/viewers/web/app/src/bower_components 1 undefined Project: /dev/null/inferredProject4* watcher already invoked: false
[18:50:21.148] Elapsed:: 0.043779999017715454ms DirectoryWatcher:: Added:: WatchInfo: /home/lfagundes/devel/solid-node/solid_node/viewers/web/app/src/bower_components 1 undefined Project: /dev/null/inferredProject4* watcher already invoked: false
[18:50:21.148] DirectoryWatcher:: Added:: WatchInfo: /home/lfagundes/devel/solid-node/solid_node/viewers/web/app/src/node_modules
[18:50:21.148] DirectoryWatcher:: Added:: WatchInfo: /home/lfagundes/devel/solid-node/solid_node/viewers/web/app/src/node_modules 1 undefined Project: /dev/null/inferredProject4* watcher already invoked: false
[18:50:21.148] Elapsed:: 0.04008699953556061ms DirectoryWatcher:: Added:: WatchInfo: /home/lfagundes/devel/solid-node/solid_node/viewers/web/app/src/node_modules 1 undefined Project: /dev/null/inferredProject4* watcher already invoked: false
[18:50:21.148] Sending response:
    {"projectName":"/dev/null/inferredProject4*","typeAcquisition":{"enable":true,"include":[],"exclude":[]},"compilerOptions":{"module":1,"target":3,"jsx":1,"allowJs":true,"allowSyntheticDefaultImports":true,"allowNonTsExtensions":true,"noEmitForJsFiles":true},"typings":[],"unresolvedImports":[],"kind":"action::set"}
[18:50:21.149] Response has been sent.
[18:50:21.149] No new typings were requested as a result of typings discovery
