[15:37:19.814] Global cache location '/home/lfagundes/.cache/typescript/4.6', safe file path '/home/lfagundes/.emacs.d/.cache/lsp/npm/typescript/lib/node_modules/typescript/lib/typingSafeList.json', types map path /home/lfagundes/.emacs.d/.cache/lsp/npm/typescript/lib/node_modules/typescript/lib/typesMap.json
[15:37:19.816] Processing cache location '/home/lfagundes/.cache/typescript/4.6'
[15:37:19.816] Trying to find '/home/lfagundes/.cache/typescript/4.6/package.json'...
[15:37:19.817] Loaded content of '/home/lfagundes/.cache/typescript/4.6/package.json': {"private":true,"dependencies":{"types-registry":"^0.1.670"}}
[15:37:19.817] Loaded content of '/home/lfagundes/.cache/typescript/4.6/package-lock.json'
[15:37:19.817] Finished processing cache location '/home/lfagundes/.cache/typescript/4.6'
[15:37:19.818] Process id: 76870
[15:37:19.818] NPM location: /usr/bin/npm (explicit '--npmLocation' not  provided)
[15:37:19.818] validateDefaultNpmLocation: false
[15:37:19.818] Npm config file: /home/lfagundes/.cache/typescript/4.6/package.json
[15:37:19.818] Updating types-registry npm package...
[15:37:19.818] Exec: /usr/bin/npm install --ignore-scripts types-registry@latest
[15:37:22.160]     Succeeded. stdout:
    + types-registry@0.1.670
    updated 1 package and audited 1 package in 1.161s
found 0 vulnerabilities


[15:37:22.160] Updated types-registry npm package
[10:29:05.527] Got install request {"projectName":"/dev/null/inferredProject6*","fileNames":[],"compilerOptions":{"module":1,"target":3,"jsx":1,"allowJs":true,"allowSyntheticDefaultImports":true,"allowNonTsExtensions":true,"noEmitForJsFiles":true},"typeAcquisition":{"enable":true,"include":[],"exclude":[]},"unresolvedImports":[],"projectRootPath":"/home/lfagundes/devel/solid-node/solid_node/viewers/web/app/src","kind":"discover"}
[10:29:05.567] Loaded safelist from types map file '/home/lfagundes/.emacs.d/.cache/lsp/npm/typescript/lib/node_modules/typescript/lib/typesMap.json'
[10:29:05.567] Explicitly included types: []
[10:29:05.568] Inferred typings from unresolved imports: []
[10:29:05.568] Result: {"cachedTypingPaths":[],"newTypingNames":[],"filesToWatch":["/home/lfagundes/devel/solid-node/solid_node/viewers/web/app/src/bower_components","/home/lfagundes/devel/solid-node/solid_node/viewers/web/app/src/node_modules"]}
[10:29:05.568] Finished typings discovery: {"cachedTypingPaths":[],"newTypingNames":[],"filesToWatch":["/home/lfagundes/devel/solid-node/solid_node/viewers/web/app/src/bower_components","/home/lfagundes/devel/solid-node/solid_node/viewers/web/app/src/node_modules"]}
[10:29:05.569] DirectoryWatcher:: Added:: WatchInfo: /home/lfagundes/devel/solid-node/solid_node/viewers/web/app/src/bower_components
[10:29:05.569] DirectoryWatcher:: Added:: WatchInfo: /home/lfagundes/devel/solid-node/solid_node/viewers/web/app/src/bower_components 1 undefined Project: /dev/null/inferredProject6* watcher already invoked: false
[10:29:05.581] Elapsed:: 11.334247007966042ms DirectoryWatcher:: Added:: WatchInfo: /home/lfagundes/devel/solid-node/solid_node/viewers/web/app/src/bower_components 1 undefined Project: /dev/null/inferredProject6* watcher already invoked: false
[10:29:05.581] DirectoryWatcher:: Added:: WatchInfo: /home/lfagundes/devel/solid-node/solid_node/viewers/web/app/src/node_modules
[10:29:05.581] DirectoryWatcher:: Added:: WatchInfo: /home/lfagundes/devel/solid-node/solid_node/viewers/web/app/src/node_modules 1 undefined Project: /dev/null/inferredProject6* watcher already invoked: false
[10:29:05.581] Elapsed:: 0.35668499767780304ms DirectoryWatcher:: Added:: WatchInfo: /home/lfagundes/devel/solid-node/solid_node/viewers/web/app/src/node_modules 1 undefined Project: /dev/null/inferredProject6* watcher already invoked: false
[10:29:05.582] Sending response:
    {"projectName":"/dev/null/inferredProject6*","typeAcquisition":{"enable":true,"include":[],"exclude":[]},"compilerOptions":{"module":1,"target":3,"jsx":1,"allowJs":true,"allowSyntheticDefaultImports":true,"allowNonTsExtensions":true,"noEmitForJsFiles":true},"typings":[],"unresolvedImports":[],"kind":"action::set"}
[10:29:05.583] Response has been sent.
[10:29:05.583] No new typings were requested as a result of typings discovery
[10:29:07.759] Got install request {"projectName":"/dev/null/inferredProject7*","fileNames":[],"compilerOptions":{"module":1,"target":3,"jsx":1,"allowJs":true,"allowSyntheticDefaultImports":true,"allowNonTsExtensions":true,"noEmitForJsFiles":true},"typeAcquisition":{"enable":true,"include":[],"exclude":[]},"unresolvedImports":[],"projectRootPath":"/home/lfagundes/devel/solid-node/solid_node/viewers/web/app/src/viewer","kind":"discover"}
[10:29:07.759] Explicitly included types: []
[10:29:07.759] Inferred typings from unresolved imports: []
[10:29:07.759] Result: {"cachedTypingPaths":[],"newTypingNames":[],"filesToWatch":["/home/lfagundes/devel/solid-node/solid_node/viewers/web/app/src/viewer/bower_components","/home/lfagundes/devel/solid-node/solid_node/viewers/web/app/src/viewer/node_modules"]}
[10:29:07.759] Finished typings discovery: {"cachedTypingPaths":[],"newTypingNames":[],"filesToWatch":["/home/lfagundes/devel/solid-node/solid_node/viewers/web/app/src/viewer/bower_components","/home/lfagundes/devel/solid-node/solid_node/viewers/web/app/src/viewer/node_modules"]}
[10:29:07.760] DirectoryWatcher:: Added:: WatchInfo: /home/lfagundes/devel/solid-node/solid_node/viewers/web/app/src/viewer/bower_components
[10:29:07.760] DirectoryWatcher:: Added:: WatchInfo: /home/lfagundes/devel/solid-node/solid_node/viewers/web/app/src/viewer/bower_components 1 undefined Project: /dev/null/inferredProject7* watcher already invoked: false
[10:29:07.760] Elapsed:: 0.1385670006275177ms DirectoryWatcher:: Added:: WatchInfo: /home/lfagundes/devel/solid-node/solid_node/viewers/web/app/src/viewer/bower_components 1 undefined Project: /dev/null/inferredProject7* watcher already invoked: false
[10:29:07.760] DirectoryWatcher:: Added:: WatchInfo: /home/lfagundes/devel/solid-node/solid_node/viewers/web/app/src/viewer/node_modules
[10:29:07.760] DirectoryWatcher:: Added:: WatchInfo: /home/lfagundes/devel/solid-node/solid_node/viewers/web/app/src/viewer/node_modules 1 undefined Project: /dev/null/inferredProject7* watcher already invoked: false
[10:29:07.760] Elapsed:: 0.1093989908695221ms DirectoryWatcher:: Added:: WatchInfo: /home/lfagundes/devel/solid-node/solid_node/viewers/web/app/src/viewer/node_modules 1 undefined Project: /dev/null/inferredProject7* watcher already invoked: false
[10:29:07.760] Sending response:
    {"projectName":"/dev/null/inferredProject7*","typeAcquisition":{"enable":true,"include":[],"exclude":[]},"compilerOptions":{"module":1,"target":3,"jsx":1,"allowJs":true,"allowSyntheticDefaultImports":true,"allowNonTsExtensions":true,"noEmitForJsFiles":true},"typings":[],"unresolvedImports":[],"kind":"action::set"}
[10:29:07.760] Response has been sent.
[10:29:07.760] No new typings were requested as a result of typings discovery
[11:55:42.992] Got install request {"projectName":"/dev/null/inferredProject10*","fileNames":[],"compilerOptions":{"module":1,"target":3,"jsx":1,"allowJs":true,"allowSyntheticDefaultImports":true,"allowNonTsExtensions":true,"noEmitForJsFiles":true},"typeAcquisition":{"enable":true,"include":[],"exclude":[]},"unresolvedImports":[],"projectRootPath":"/home/lfagundes/devel/solid-node/solid_node/viewers/web/app/src","kind":"discover"}
[11:55:42.995] Explicitly included types: []
[11:55:42.995] Inferred typings from unresolved imports: []
[11:55:42.995] Result: {"cachedTypingPaths":[],"newTypingNames":[],"filesToWatch":["/home/lfagundes/devel/solid-node/solid_node/viewers/web/app/src/bower_components","/home/lfagundes/devel/solid-node/solid_node/viewers/web/app/src/node_modules"]}
[11:55:42.995] Finished typings discovery: {"cachedTypingPaths":[],"newTypingNames":[],"filesToWatch":["/home/lfagundes/devel/solid-node/solid_node/viewers/web/app/src/bower_components","/home/lfagundes/devel/solid-node/solid_node/viewers/web/app/src/node_modules"]}
[11:55:42.995] DirectoryWatcher:: Added:: WatchInfo: /home/lfagundes/devel/solid-node/solid_node/viewers/web/app/src/bower_components
[11:55:42.995] DirectoryWatcher:: Added:: WatchInfo: /home/lfagundes/devel/solid-node/solid_node/viewers/web/app/src/bower_components 1 undefined Project: /dev/null/inferredProject10* watcher already invoked: false
[11:55:42.995] Elapsed:: 0.009207010269165039ms DirectoryWatcher:: Added:: WatchInfo: /home/lfagundes/devel/solid-node/solid_node/viewers/web/app/src/bower_components 1 undefined Project: /dev/null/inferredProject10* watcher already invoked: false
[11:55:42.995] DirectoryWatcher:: Added:: WatchInfo: /home/lfagundes/devel/solid-node/solid_node/viewers/web/app/src/node_modules
[11:55:42.995] DirectoryWatcher:: Added:: WatchInfo: /home/lfagundes/devel/solid-node/solid_node/viewers/web/app/src/node_modules 1 undefined Project: /dev/null/inferredProject10* watcher already invoked: false
[11:55:42.995] Elapsed:: 0.010770007967948914ms DirectoryWatcher:: Added:: WatchInfo: /home/lfagundes/devel/solid-node/solid_node/viewers/web/app/src/node_modules 1 undefined Project: /dev/null/inferredProject10* watcher already invoked: false
[11:55:42.996] Sending response:
    {"projectName":"/dev/null/inferredProject10*","typeAcquisition":{"enable":true,"include":[],"exclude":[]},"compilerOptions":{"module":1,"target":3,"jsx":1,"allowJs":true,"allowSyntheticDefaultImports":true,"allowNonTsExtensions":true,"noEmitForJsFiles":true},"typings":[],"unresolvedImports":[],"kind":"action::set"}
[11:55:42.996] Response has been sent.
[11:55:42.996] No new typings were requested as a result of typings discovery
[11:55:54.830] Got install request {"projectName":"/dev/null/inferredProject11*","fileNames":[],"compilerOptions":{"module":1,"target":3,"jsx":1,"allowJs":true,"allowSyntheticDefaultImports":true,"allowNonTsExtensions":true,"noEmitForJsFiles":true},"typeAcquisition":{"enable":true,"include":[],"exclude":[]},"unresolvedImports":[],"projectRootPath":"/home/lfagundes/devel/solid-node/solid_node/viewers/web/app/src/viewer","kind":"discover"}
[11:55:54.830] Explicitly included types: []
[11:55:54.831] Inferred typings from unresolved imports: []
[11:55:54.831] Result: {"cachedTypingPaths":[],"newTypingNames":[],"filesToWatch":["/home/lfagundes/devel/solid-node/solid_node/viewers/web/app/src/viewer/bower_components","/home/lfagundes/devel/solid-node/solid_node/viewers/web/app/src/viewer/node_modules"]}
[11:55:54.831] Finished typings discovery: {"cachedTypingPaths":[],"newTypingNames":[],"filesToWatch":["/home/lfagundes/devel/solid-node/solid_node/viewers/web/app/src/viewer/bower_components","/home/lfagundes/devel/solid-node/solid_node/viewers/web/app/src/viewer/node_modules"]}
[11:55:54.831] DirectoryWatcher:: Added:: WatchInfo: /home/lfagundes/devel/solid-node/solid_node/viewers/web/app/src/viewer/bower_components
[11:55:54.831] DirectoryWatcher:: Added:: WatchInfo: /home/lfagundes/devel/solid-node/solid_node/viewers/web/app/src/viewer/bower_components 1 undefined Project: /dev/null/inferredProject11* watcher already invoked: false
[11:55:54.831] Elapsed:: 0.008309006690979004ms DirectoryWatcher:: Added:: WatchInfo: /home/lfagundes/devel/solid-node/solid_node/viewers/web/app/src/viewer/bower_components 1 undefined Project: /dev/null/inferredProject11* watcher already invoked: false
[11:55:54.831] DirectoryWatcher:: Added:: WatchInfo: /home/lfagundes/devel/solid-node/solid_node/viewers/web/app/src/viewer/node_modules
[11:55:54.831] DirectoryWatcher:: Added:: WatchInfo: /home/lfagundes/devel/solid-node/solid_node/viewers/web/app/src/viewer/node_modules 1 undefined Project: /dev/null/inferredProject11* watcher already invoked: false
[11:55:54.831] Elapsed:: 0.004823997616767883ms DirectoryWatcher:: Added:: WatchInfo: /home/lfagundes/devel/solid-node/solid_node/viewers/web/app/src/viewer/node_modules 1 undefined Project: /dev/null/inferredProject11* watcher already invoked: false
[11:55:54.831] Sending response:
    {"projectName":"/dev/null/inferredProject11*","typeAcquisition":{"enable":true,"include":[],"exclude":[]},"compilerOptions":{"module":1,"target":3,"jsx":1,"allowJs":true,"allowSyntheticDefaultImports":true,"allowNonTsExtensions":true,"noEmitForJsFiles":true},"typings":[],"unresolvedImports":[],"kind":"action::set"}
[11:55:54.831] Response has been sent.
[11:55:54.831] No new typings were requested as a result of typings discovery
[17:21:22.762] Got install request {"projectName":"/dev/null/inferredProject1*","fileNames":[],"compilerOptions":{"module":1,"target":3,"jsx":1,"allowJs":true,"allowSyntheticDefaultImports":true,"allowNonTsExtensions":true,"noEmitForJsFiles":true},"typeAcquisition":{"enable":true,"include":[],"exclude":[]},"unresolvedImports":[],"projectRootPath":"/home/lfagundes/devel/solid-node/solid_node/viewers/web/app/src","kind":"discover"}
[17:21:22.768] Explicitly included types: []
[17:21:22.768] Inferred typings from unresolved imports: []
[17:21:22.769] Result: {"cachedTypingPaths":[],"newTypingNames":[],"filesToWatch":["/home/lfagundes/devel/solid-node/solid_node/viewers/web/app/src/bower_components","/home/lfagundes/devel/solid-node/solid_node/viewers/web/app/src/node_modules"]}
[17:21:22.769] Finished typings discovery: {"cachedTypingPaths":[],"newTypingNames":[],"filesToWatch":["/home/lfagundes/devel/solid-node/solid_node/viewers/web/app/src/bower_components","/home/lfagundes/devel/solid-node/solid_node/viewers/web/app/src/node_modules"]}
[17:21:22.769] DirectoryWatcher:: Added:: WatchInfo: /home/lfagundes/devel/solid-node/solid_node/viewers/web/app/src/bower_components
[17:21:22.769] DirectoryWatcher:: Added:: WatchInfo: /home/lfagundes/devel/solid-node/solid_node/viewers/web/app/src/bower_components 1 undefined Project: /dev/null/inferredProject1* watcher already invoked: false
[17:21:22.769] Elapsed:: 0.014619007706642151ms DirectoryWatcher:: Added:: WatchInfo: /home/lfagundes/devel/solid-node/solid_node/viewers/web/app/src/bower_components 1 undefined Project: /dev/null/inferredProject1* watcher already invoked: false
[17:21:22.769] DirectoryWatcher:: Added:: WatchInfo: /home/lfagundes/devel/solid-node/solid_node/viewers/web/app/src/node_modules
[17:21:22.769] DirectoryWatcher:: Added:: WatchInfo: /home/lfagundes/devel/solid-node/solid_node/viewers/web/app/src/node_modules 1 undefined Project: /dev/null/inferredProject1* watcher already invoked: false
[17:21:22.769] Elapsed:: 0.010985001921653748ms DirectoryWatcher:: Added:: WatchInfo: /home/lfagundes/devel/solid-node/solid_node/viewers/web/app/src/node_modules 1 undefined Project: /dev/null/inferredProject1* watcher already invoked: false
[17:21:22.769] Sending response:
    {"projectName":"/dev/null/inferredProject1*","typeAcquisition":{"enable":true,"include":[],"exclude":[]},"compilerOptions":{"module":1,"target":3,"jsx":1,"allowJs":true,"allowSyntheticDefaultImports":true,"allowNonTsExtensions":true,"noEmitForJsFiles":true},"typings":[],"unresolvedImports":[],"kind":"action::set"}
[17:21:22.769] Response has been sent.
[17:21:22.769] No new typings were requested as a result of typings discovery
[06:28:01.671] Parent process has exited, shutting down...
